<?xml version="1.0" encoding="UTF-8"?>
<!-- Generated by org.testng.reporters.JUnitXMLReporter -->
<testsuite ignored="0" hostname="DESKTOP-TEPTGH9" failures="0" tests="4" name="all" time="171.211" errors="0" timestamp="2022-11-08T17:14:40 IST">
  <testcase classname="RunnerClass_one.PAymentGateway_Zipcode_field_blank_6_BTC" name="Zipcode_error_message" time="26.366"/>
  <testcase classname="RunnerClass_one.Purchase_AMOUNT_field_enter_valid_amount_PurchaseButton_LTC" name="checkstatus" time="13.214"/>
  <testcase classname="RunnerClass_one.Tranfer_window_wrong_adress_error_message_show_LTC" name="failedpop" time="29.536"/>
  <testcase classname="RunnerClass_one.Tranfer_window_MAx_amount_error_message_show_BTC" name="max_amount_error" time="5.988"/>
</testsuite> <!-- all -->
