<?xml version="1.0" encoding="UTF-8"?>
<!-- Generated by org.testng.reporters.JUnitXMLReporter -->
<testsuite ignored="0" hostname="DESKTOP-TEPTGH9" failures="0" tests="5" name="alltest" time="125.151" errors="0" timestamp="2022-10-12T18:19:45 IST">
  <testcase classname="RunnerClass.TCNO3_Check_BitcoinCAsh_CryptoCurrency" name="btccryptocurrency" time="3.065"/>
  <testcase classname="RunnerClass.TCNO5_withdrawl_test_Wrong_Address_failedMesg" name="enteradresss1" time="21.993"/>
  <testcase classname="RunnerClass.TCNO4_withdrawl_test" name="enteradresss1" time="15.571"/>
  <testcase classname="RunnerClass.TCNO2_buttonFunctinlaity" name="paybuttonfunctionaity" time="19.418"/>
  <testcase classname="RunnerClass.TCNO1_AmounField_blank_testcase" name="AMOunt_field_blank_error_message" time="4.34"/>
</testsuite> <!-- alltest -->
