<?xml version="1.0" encoding="UTF-8"?>
<!-- Generated by org.testng.reporters.JUnitXMLReporter -->
<testsuite ignored="0" hostname="DESKTOP-TEPTGH9" failures="0" tests="2" name="btc&amp;ltc" time="127.461" errors="0" timestamp="2022-11-07T13:30:01 IST">
  <testcase classname="RunnerClass_one.PAymentGateway_emailid_field_interger_symbol_12_BTC" name="firstname_error_message" time="29.145"/>
  <testcase classname="RunnerClass_one.PAymentGateway_emailid_field_interger_symbol_12_LTC" name="firstname_error_message" time="29.174"/>
</testsuite> <!-- btc&ltc -->
