<?xml version="1.0" encoding="UTF-8"?>
<!-- Generated by org.testng.reporters.JUnitXMLReporter -->
<testsuite ignored="0" hostname="DESKTOP-TEPTGH9" failures="0" tests="1" name="firefox testing" time="11.819" errors="0" timestamp="2022-10-03T07:37:00 IST">
  <testcase classname="RunnerClass.AMOUNT_field_enter_string2crossbrowsing" name="@BeforeClass launchbrwser" time="11.775">
    <failure type="java.lang.NullPointerException" message="Cannot invoke &amp;quot;org.openqa.selenium.WebDriver.manage()&amp;quot; because &amp;quot;this.driver&amp;quot; is null">
      <![CDATA[java.lang.NullPointerException: Cannot invoke "org.openqa.selenium.WebDriver.manage()" because "this.driver" is null
at RunnerClass.AMOUNT_field_enter_string2crossbrowsing.launchbrwser(AMOUNT_field_enter_string2crossbrowsing.java:39)
at java.base/java.util.ArrayList.forEach(ArrayList.java:1511)
... Removed 23 stack frames]]>
    </failure>
  </testcase> <!-- @BeforeClass launchbrwser -->
  <testcase classname="RunnerClass.AMOUNT_field_enter_string2crossbrowsing" name="@BeforeMethod clickonPRoceedButtton" time="-1.664762820818E9">
    <skipped/>
  </testcase> <!-- @BeforeMethod clickonPRoceedButtton -->
  <testcase classname="RunnerClass.AMOUNT_field_enter_string2crossbrowsing" name="@AfterMethod screencshot" time="-1.664762820827E9">
    <skipped/>
  </testcase> <!-- @AfterMethod screencshot -->
  <testcase classname="RunnerClass.AMOUNT_field_enter_string2crossbrowsing" name="@AfterClass closebrowser" time="-1.664762820832E9">
    <skipped/>
  </testcase> <!-- @AfterClass closebrowser -->
  <testcase classname="RunnerClass.AMOUNT_field_enter_string2crossbrowsing" name="checkstatus" time="0.0">
    <skipped/>
  </testcase> <!-- checkstatus -->
</testsuite> <!-- firefox testing -->
