<?xml version="1.0" encoding="UTF-8"?>
<!-- Generated by org.testng.reporters.JUnitXMLReporter -->
<testsuite ignored="0" hostname="DESKTOP-TEPTGH9" failures="0" tests="8" name="pp" time="456.686" errors="0" timestamp="2022-11-07T13:18:56 IST">
  <testcase classname="RunnerClass_one.PAymentGateway_Zipcode_field_blank_6_BTC" name="Zipcode_error_message" time="26.095"/>
  <testcase classname="RunnerClass_one.PAymentGateway_CVV_field_blank_3_BTC" name="CVV_error_message" time="26.077"/>
  <testcase classname="RunnerClass_one.PAymentGateway_emailid_field_interger_symbol_12_BTC" name="firstname_error_message" time="29.015"/>
  <testcase classname="RunnerClass_one.PAymentGateway_cardnumber_blank_1_LTC" name="cardnumber_error_message" time="21.869"/>
  <testcase classname="RunnerClass_one.PAymentGateway_emailid_field_blank_8_LTC" name="emailid_error_message" time="26.382"/>
  <testcase classname="RunnerClass_one.PAymentGateway_emailid_field_blank_8_BTC" name="emailid_error_message" time="27.103"/>
  <testcase classname="RunnerClass_one.PAymentGateway_CVV_field_blank_3_LTC" name="CVV_error_message" time="25.935"/>
  <testcase classname="RunnerClass_one.PAymentGateway_emailid_field_interger_symbol_12_LTC" name="firstname_error_message" time="29.057"/>
</testsuite> <!-- pp -->
