<?xml version="1.0" encoding="UTF-8"?>
<!-- Generated by org.testng.reporters.JUnitXMLReporter -->
<testsuite ignored="0" hostname="DESKTOP-TEPTGH9" failures="0" tests="2" name="Test1" time="77.121" errors="0" timestamp="2022-10-06T13:22:55 IST">
  <testcase classname="RunnerClass.TCNO11_Demo_Env_Avilablebalance" name="amountenter" time="8.898"/>
  <testcase classname="RunnerClass.TCNO1_AmounField_blank_testcase" name="AMOunt_field_blank_error_message" time="4.598"/>
</testsuite> <!-- Test1 -->
