<?xml version="1.0" encoding="UTF-8"?>
<!-- Generated by org.testng.reporters.JUnitXMLReporter -->
<testsuite ignored="0" hostname="DESKTOP-TEPTGH9" failures="0" tests="2" name="Transfer" time="62.814" errors="0" timestamp="2022-11-07T16:27:12 IST">
  <testcase classname="RunnerClass_one.Tranfer_window_MAx_amount_error_message_show_ltc" name="max_amount_error" time="5.899"/>
  <testcase classname="RunnerClass_one.Tranfer_window_wrong_adress_error_message_show_BTC" name="failedpop" time="23.36"/>
</testsuite> <!-- Transfer -->
