<?xml version="1.0" encoding="UTF-8"?>
<!-- Generated by org.testng.reporters.JUnitXMLReporter -->
<testsuite ignored="0" hostname="DESKTOP-TEPTGH9" failures="0" tests="2" name="Parlleltest" time="51.513" errors="0" timestamp="2022-10-05T18:30:08 IST">
  <testcase classname="RunnerClass.AmounField_blank_testcase" name="AMOunt_field_blank_error_message" time="4.382"/>
  <testcase classname="RunnerClass.AMOUNT_field_enter_string" name="checkstatus" time="13.728"/>
</testsuite> <!-- Parlleltest -->
